<?xml version="1.0" encoding="UTF-8"?>
<!-- Generated by org.testng.reporters.JUnitReportReporter -->
<testsuite skipped="0" hostname="IZDT-211" name="com.r1v2.frontend.Modules.Dealer.UpdatedFrontendCampPageDealer" tests="4" failures="0" timestamp="06 Feb 2019 09:34:50 GMT" time="19.718" errors="0">
  <testcase name="updateFrontendDlrCampaign" time="15.066" classname="com.r1v2.frontend.Modules.Dealer.UpdatedFrontendCampPageDealer"/>
  <testcase name="updateFrontendDlrCampaign_1" time="1.670" classname="com.r1v2.frontend.Modules.Dealer.UpdatedFrontendCampPageDealer"/>
  <testcase name="updateFrontendDlrCampaign_2" time="0.871" classname="com.r1v2.frontend.Modules.Dealer.UpdatedFrontendCampPageDealer"/>
  <testcase name="updateFrontendDlrCampaign_3" time="2.111" classname="com.r1v2.frontend.Modules.Dealer.UpdatedFrontendCampPageDealer"/>
</testsuite> <!-- com.r1v2.frontend.Modules.Dealer.UpdatedFrontendCampPageDealer -->
