<?xml version="1.0" encoding="UTF-8"?>
<!-- Generated by org.testng.reporters.JUnitReportReporter -->
<testsuite skipped="0" hostname="IZDT-211" name="com.r1v2.backend.modules.Group.NewGroupContentPage" tests="10" failures="0" timestamp="24 Jan 2019 09:15:05 GMT" time="22.278" errors="0">
  <testcase name="groupContentPG_2" time="0.162" classname="com.r1v2.backend.modules.Group.NewGroupContentPage"/>
  <testcase name="groupContentPG_3" time="3.451" classname="com.r1v2.backend.modules.Group.NewGroupContentPage"/>
  <testcase name="groupContentPG_4" time="0.137" classname="com.r1v2.backend.modules.Group.NewGroupContentPage"/>
  <testcase name="groupContentPG_5" time="1.566" classname="com.r1v2.backend.modules.Group.NewGroupContentPage"/>
  <testcase name="groupContentPG_6" time="0.361" classname="com.r1v2.backend.modules.Group.NewGroupContentPage"/>
  <testcase name="groupContentPG_7" time="0.523" classname="com.r1v2.backend.modules.Group.NewGroupContentPage"/>
  <testcase name="groupContentPG_8" time="1.552" classname="com.r1v2.backend.modules.Group.NewGroupContentPage"/>
  <testcase name="groupContentPG_9" time="0.411" classname="com.r1v2.backend.modules.Group.NewGroupContentPage"/>
  <testcase name="groupContentPG_10" time="13.671" classname="com.r1v2.backend.modules.Group.NewGroupContentPage"/>
  <testcase name="groupContentPG_11" time="0.444" classname="com.r1v2.backend.modules.Group.NewGroupContentPage"/>
</testsuite> <!-- com.r1v2.backend.modules.Group.NewGroupContentPage -->
