<?xml version="1.0" encoding="UTF-8"?>
<!-- Generated by org.testng.reporters.JUnitReportReporter -->
<testsuite skipped="0" hostname="IZDT-211" name="com.r1v2.backend.pagebuilder.Dealer.ScenarioContentPage" tests="6" failures="0" timestamp="08 Jan 2019 09:19:15 GMT" time="22.729" errors="0">
  <testcase name="testPG_2" time="8.865" classname="com.r1v2.backend.pagebuilder.Dealer.ScenarioContentPage"/>
  <testcase name="testPG_3" time="0.141" classname="com.r1v2.backend.pagebuilder.Dealer.ScenarioContentPage"/>
  <testcase name="testPG_4" time="0.779" classname="com.r1v2.backend.pagebuilder.Dealer.ScenarioContentPage"/>
  <testcase name="testPG_5" time="0.128" classname="com.r1v2.backend.pagebuilder.Dealer.ScenarioContentPage"/>
  <testcase name="testPG_6" time="0.299" classname="com.r1v2.backend.pagebuilder.Dealer.ScenarioContentPage"/>
  <testcase name="testPG_7" time="12.517" classname="com.r1v2.backend.pagebuilder.Dealer.ScenarioContentPage"/>
</testsuite> <!-- com.r1v2.backend.pagebuilder.Dealer.ScenarioContentPage -->
