<?xml version="1.0" encoding="UTF-8"?>
<!-- Generated by org.testng.reporters.JUnitReportReporter -->
<testsuite skipped="0" hostname="IZDT-211" name="com.r1v2.frontend.Modules.Dealer.UpdatedDealerContentPage" tests="3" failures="0" timestamp="28 Jan 2019 08:18:18 GMT" time="6.081" errors="0">
  <testcase name="testCOPG_1" time="2.856" classname="com.r1v2.frontend.Modules.Dealer.UpdatedDealerContentPage"/>
  <testcase name="testCOPG_2" time="0.678" classname="com.r1v2.frontend.Modules.Dealer.UpdatedDealerContentPage"/>
  <testcase name="testCOPG_3" time="2.547" classname="com.r1v2.frontend.Modules.Dealer.UpdatedDealerContentPage"/>
</testsuite> <!-- com.r1v2.frontend.Modules.Dealer.UpdatedDealerContentPage -->
