<?xml version="1.0" encoding="UTF-8"?>
<!-- Generated by org.testng.reporters.JUnitReportReporter -->
<testsuite skipped="0" hostname="IZDT-211" name="com.r1v2.frontend.Modules.Dealer.AddFrontendCampPageDealer" tests="4" failures="0" timestamp="06 Feb 2019 09:34:50 GMT" time="47.338" errors="0">
  <testcase name="addFrontendDlrCampaign" time="45.092" classname="com.r1v2.frontend.Modules.Dealer.AddFrontendCampPageDealer"/>
  <testcase name="addFrontendDlrCampaign_2" time="0.621" classname="com.r1v2.frontend.Modules.Dealer.AddFrontendCampPageDealer"/>
  <testcase name="addFrontendDlrCampaign_1" time="1.319" classname="com.r1v2.frontend.Modules.Dealer.AddFrontendCampPageDealer"/>
  <testcase name="addFrontendDlrCampaign_3" time="0.306" classname="com.r1v2.frontend.Modules.Dealer.AddFrontendCampPageDealer"/>
</testsuite> <!-- com.r1v2.frontend.Modules.Dealer.AddFrontendCampPageDealer -->
