<?xml version="1.0" encoding="UTF-8"?>
<!-- Generated by org.testng.reporters.JUnitReportReporter -->
<testsuite skipped="0" hostname="IZDT-211" name="com.r1v2.frontend.Modules.Oem.DeletedFrontendCampPageOem" tests="4" failures="0" timestamp="06 Feb 2019 09:34:50 GMT" time="4.478" errors="0">
  <testcase name="deleteFrontendOemCampaign" time="0.071" classname="com.r1v2.frontend.Modules.Oem.DeletedFrontendCampPageOem"/>
  <testcase name="deleteFrontendOemCampaign_2" time="0.715" classname="com.r1v2.frontend.Modules.Oem.DeletedFrontendCampPageOem"/>
  <testcase name="deleteFrontendOemCampaign_1" time="3.495" classname="com.r1v2.frontend.Modules.Oem.DeletedFrontendCampPageOem"/>
  <testcase name="deleteFrontendOemCampaign_3" time="0.197" classname="com.r1v2.frontend.Modules.Oem.DeletedFrontendCampPageOem"/>
</testsuite> <!-- com.r1v2.frontend.Modules.Oem.DeletedFrontendCampPageOem -->
