<?xml version="1.0" encoding="UTF-8"?>
<!-- Generated by org.testng.reporters.JUnitReportReporter -->
<testsuite skipped="0" hostname="IZDT-211" name="com.r1v2.frontend.Modules.Group.DeletedFrontendContentpageGroup" tests="4" failures="0" timestamp="06 Feb 2019 09:34:50 GMT" time="7.893" errors="0">
  <testcase name="deleteFrontendgroupContent" time="0.072" classname="com.r1v2.frontend.Modules.Group.DeletedFrontendContentpageGroup"/>
  <testcase name="deleteFrontendGroupContent_1" time="5.039" classname="com.r1v2.frontend.Modules.Group.DeletedFrontendContentpageGroup"/>
  <testcase name="deleteFrontendGroupContent_2" time="0.446" classname="com.r1v2.frontend.Modules.Group.DeletedFrontendContentpageGroup"/>
  <testcase name="deleteFrontendGroupContent_3" time="2.336" classname="com.r1v2.frontend.Modules.Group.DeletedFrontendContentpageGroup"/>
</testsuite> <!-- com.r1v2.frontend.Modules.Group.DeletedFrontendContentpageGroup -->
