<?xml version="1.0" encoding="UTF-8"?>
<!-- Generated by org.testng.reporters.JUnitReportReporter -->
<testsuite skipped="0" hostname="IZDT-211" name="com.r1v2.backend.modules.Dealer.NewDealerContentPage" tests="10" failures="0" timestamp="28 Jan 2019 08:14:41 GMT" time="18.772" errors="0">
  <testcase name="dlrContentpagePG_2" time="0.142" classname="com.r1v2.backend.modules.Dealer.NewDealerContentPage"/>
  <testcase name="dlrContentpagePG_3" time="3.965" classname="com.r1v2.backend.modules.Dealer.NewDealerContentPage"/>
  <testcase name="dlrContentpagePG_4" time="0.123" classname="com.r1v2.backend.modules.Dealer.NewDealerContentPage"/>
  <testcase name="dlrContentpagePG_5" time="1.075" classname="com.r1v2.backend.modules.Dealer.NewDealerContentPage"/>
  <testcase name="dlrContentpagePG_6" time="0.482" classname="com.r1v2.backend.modules.Dealer.NewDealerContentPage"/>
  <testcase name="dlrContentpagePG_7" time="0.283" classname="com.r1v2.backend.modules.Dealer.NewDealerContentPage"/>
  <testcase name="dlrContentpagePG_8" time="0.253" classname="com.r1v2.backend.modules.Dealer.NewDealerContentPage"/>
  <testcase name="dlrContentpagePG_9" time="0.331" classname="com.r1v2.backend.modules.Dealer.NewDealerContentPage"/>
  <testcase name="dlrContentpagePG_10" time="11.841" classname="com.r1v2.backend.modules.Dealer.NewDealerContentPage"/>
  <testcase name="dlrContentpagePG_11" time="0.277" classname="com.r1v2.backend.modules.Dealer.NewDealerContentPage"/>
</testsuite> <!-- com.r1v2.backend.modules.Dealer.NewDealerContentPage -->
