<?xml version="1.0" encoding="UTF-8"?>
<!-- Generated by org.testng.reporters.JUnitReportReporter -->
<testsuite skipped="0" hostname="IZDT-211" name="com.r1v2.backend.modules.Dealer.AddDealerContentPage" tests="10" failures="0" timestamp="07 Feb 2019 10:47:05 GMT" time="27.430" errors="0">
  <testcase name="dlrContentpagePG_2" time="0.139" classname="com.r1v2.backend.modules.Dealer.AddDealerContentPage"/>
  <testcase name="dlrContentpagePG_3" time="11.698" classname="com.r1v2.backend.modules.Dealer.AddDealerContentPage"/>
  <testcase name="dlrContentpagePG_4" time="0.113" classname="com.r1v2.backend.modules.Dealer.AddDealerContentPage"/>
  <testcase name="dlrContentpagePG_5" time="1.709" classname="com.r1v2.backend.modules.Dealer.AddDealerContentPage"/>
  <testcase name="dlrContentpagePG_6" time="0.358" classname="com.r1v2.backend.modules.Dealer.AddDealerContentPage"/>
  <testcase name="dlrContentpagePG_7" time="0.370" classname="com.r1v2.backend.modules.Dealer.AddDealerContentPage"/>
  <testcase name="dlrContentpagePG_8" time="0.258" classname="com.r1v2.backend.modules.Dealer.AddDealerContentPage"/>
  <testcase name="dlrContentpagePG_9" time="0.328" classname="com.r1v2.backend.modules.Dealer.AddDealerContentPage"/>
  <testcase name="dlrContentpagePG_10" time="12.130" classname="com.r1v2.backend.modules.Dealer.AddDealerContentPage"/>
  <testcase name="dlrContentpagePG_11" time="0.327" classname="com.r1v2.backend.modules.Dealer.AddDealerContentPage"/>
</testsuite> <!-- com.r1v2.backend.modules.Dealer.AddDealerContentPage -->
