<?xml version="1.0" encoding="UTF-8"?>
<!-- Generated by org.testng.reporters.JUnitReportReporter -->
<testsuite skipped="0" hostname="IZDT-211" name="com.r1v2.frontend.Modules.Oem.DeletedFrontendContentPageOem" tests="4" failures="0" timestamp="06 Feb 2019 09:34:50 GMT" time="5.946" errors="0">
  <testcase name="deleteFrontendOemContent" time="0.041" classname="com.r1v2.frontend.Modules.Oem.DeletedFrontendContentPageOem"/>
  <testcase name="deleteFrontendOemContent_1" time="4.949" classname="com.r1v2.frontend.Modules.Oem.DeletedFrontendContentPageOem"/>
  <testcase name="deleteFrontendOemContent_2" time="0.777" classname="com.r1v2.frontend.Modules.Oem.DeletedFrontendContentPageOem"/>
  <testcase name="deleteFrontendOemContent_3" time="0.179" classname="com.r1v2.frontend.Modules.Oem.DeletedFrontendContentPageOem"/>
</testsuite> <!-- com.r1v2.frontend.Modules.Oem.DeletedFrontendContentPageOem -->
