<?xml version="1.0" encoding="UTF-8"?>
<!-- Generated by org.testng.reporters.JUnitReportReporter -->
<testsuite skipped="0" hostname="IZDT-211" name="com.r1v2.frontend.Modules.Oem.UpdatedOemContentPage" tests="3" failures="0" timestamp="24 Jan 2019 09:15:05 GMT" time="5.004" errors="0">
  <testcase name="testCOPG_1" time="4.298" classname="com.r1v2.frontend.Modules.Oem.UpdatedOemContentPage"/>
  <testcase name="testCOPG_2" time="0.538" classname="com.r1v2.frontend.Modules.Oem.UpdatedOemContentPage"/>
  <testcase name="testCOPG_3" time="0.168" classname="com.r1v2.frontend.Modules.Oem.UpdatedOemContentPage"/>
</testsuite> <!-- com.r1v2.frontend.Modules.Oem.UpdatedOemContentPage -->
