<?xml version="1.0" encoding="UTF-8"?>
<!-- Generated by org.testng.reporters.JUnitReportReporter -->
<testsuite skipped="0" hostname="IZDT-211" name="com.r1v2.backend.modules.Group.DeleteGroupCampaignPage" tests="3" failures="0" timestamp="07 Feb 2019 07:51:59 GMT" time="6.000" errors="0">
  <testcase name="groupDeleteCampPage_2" time="0.147" classname="com.r1v2.backend.modules.Group.DeleteGroupCampaignPage"/>
  <testcase name="groupDeleteCampPage_3" time="5.603" classname="com.r1v2.backend.modules.Group.DeleteGroupCampaignPage"/>
  <testcase name="groupDeleteCampPage_4" time="0.250" classname="com.r1v2.backend.modules.Group.DeleteGroupCampaignPage"/>
</testsuite> <!-- com.r1v2.backend.modules.Group.DeleteGroupCampaignPage -->
