<?xml version="1.0" encoding="UTF-8"?>
<!-- Generated by org.testng.reporters.JUnitReportReporter -->
<testsuite skipped="0" hostname="IZDT-211" name="com.r1v2.backend.modules.Oem.NewOemContentPage" tests="10" failures="0" timestamp="24 Jan 2019 09:15:05 GMT" time="20.443" errors="0">
  <testcase name="oemContentPG_2" time="0.172" classname="com.r1v2.backend.modules.Oem.NewOemContentPage"/>
  <testcase name="oemContentPG_3" time="3.093" classname="com.r1v2.backend.modules.Oem.NewOemContentPage"/>
  <testcase name="oemContentPG_4" time="0.154" classname="com.r1v2.backend.modules.Oem.NewOemContentPage"/>
  <testcase name="oemContentPG_5" time="1.676" classname="com.r1v2.backend.modules.Oem.NewOemContentPage"/>
  <testcase name="oemContentPG_6" time="0.429" classname="com.r1v2.backend.modules.Oem.NewOemContentPage"/>
  <testcase name="oemContentPG_7" time="0.568" classname="com.r1v2.backend.modules.Oem.NewOemContentPage"/>
  <testcase name="oemContentPG_8" time="0.388" classname="com.r1v2.backend.modules.Oem.NewOemContentPage"/>
  <testcase name="oemContentPG_9" time="0.358" classname="com.r1v2.backend.modules.Oem.NewOemContentPage"/>
  <testcase name="oemContentPG_10" time="13.118" classname="com.r1v2.backend.modules.Oem.NewOemContentPage"/>
  <testcase name="oemContentPG_11" time="0.487" classname="com.r1v2.backend.modules.Oem.NewOemContentPage"/>
</testsuite> <!-- com.r1v2.backend.modules.Oem.NewOemContentPage -->
