<?xml version="1.0" encoding="UTF-8"?>
<!-- Generated by org.testng.reporters.JUnitReportReporter -->
<testsuite skipped="0" hostname="IZDT-211" name="com.r1v2.backend.modules.Dealer.DeleteContentPage" tests="2" failures="0" timestamp="28 Jan 2019 08:07:50 GMT" time="2.997" errors="0">
  <testcase name="dlrDeleteContentPage_2" time="0.348" classname="com.r1v2.backend.modules.Dealer.DeleteContentPage"/>
  <testcase name="dlrDeleteContentPage_3" time="2.649" classname="com.r1v2.backend.modules.Dealer.DeleteContentPage"/>
</testsuite> <!-- com.r1v2.backend.modules.Dealer.DeleteContentPage -->
