<?xml version="1.0" encoding="UTF-8"?>
<!-- Generated by org.testng.reporters.JUnitReportReporter -->
<testsuite skipped="0" hostname="IZDT-211" name="com.r1v2.frontend.Modules.Dealer.AddFrontendCampageDealer" tests="3" failures="0" timestamp="29 Jan 2019 07:46:14 GMT" time="5.204" errors="0">
  <testcase name="addFrontendDlrContent_1" time="2.271" classname="com.r1v2.frontend.Modules.Dealer.AddFrontendCampageDealer"/>
  <testcase name="addFrontendDlrContent_2" time="0.582" classname="com.r1v2.frontend.Modules.Dealer.AddFrontendCampageDealer"/>
  <testcase name="addFrontendDlrContent_3" time="2.351" classname="com.r1v2.frontend.Modules.Dealer.AddFrontendCampageDealer"/>
</testsuite> <!-- com.r1v2.frontend.Modules.Dealer.AddFrontendCampageDealer -->
