<?xml version="1.0" encoding="UTF-8"?>
<!-- Generated by org.testng.reporters.JUnitReportReporter -->
<testsuite skipped="0" hostname="IZDT-211" name="com.r1v2.backend.modules.Group.GroupScenarioContentPage" tests="7" failures="0" timestamp="09 Jan 2019 12:27:32 GMT" time="32.319" errors="0">
  <testcase name="testPG_2" time="13.369" classname="com.r1v2.backend.modules.Group.GroupScenarioContentPage"/>
  <testcase name="testPG_3" time="0.166" classname="com.r1v2.backend.modules.Group.GroupScenarioContentPage"/>
  <testcase name="testPG_4" time="0.801" classname="com.r1v2.backend.modules.Group.GroupScenarioContentPage"/>
  <testcase name="testPG_5" time="0.251" classname="com.r1v2.backend.modules.Group.GroupScenarioContentPage"/>
  <testcase name="testPG_6" time="0.387" classname="com.r1v2.backend.modules.Group.GroupScenarioContentPage"/>
  <testcase name="testPG_8" time="0.319" classname="com.r1v2.backend.modules.Group.GroupScenarioContentPage"/>
  <testcase name="testPG_7" time="17.026" classname="com.r1v2.backend.modules.Group.GroupScenarioContentPage"/>
</testsuite> <!-- com.r1v2.backend.modules.Group.GroupScenarioContentPage -->
