<?xml version="1.0" encoding="UTF-8"?>
<!-- Generated by org.testng.reporters.JUnitReportReporter -->
<testsuite skipped="0" hostname="IZDT-211" name="com.r1v2.frontend.Modules.Dealer.DeleteFrontendContentPageDealer" tests="4" failures="0" timestamp="06 Feb 2019 09:34:50 GMT" time="5.987" errors="0">
  <testcase name="deleteFrontendDlrContent" time="0.079" classname="com.r1v2.frontend.Modules.Dealer.DeleteFrontendContentPageDealer"/>
  <testcase name="deleteFrontendDlrContent_1" time="5.141" classname="com.r1v2.frontend.Modules.Dealer.DeleteFrontendContentPageDealer"/>
  <testcase name="deleteFrontendDlrContent_2" time="0.623" classname="com.r1v2.frontend.Modules.Dealer.DeleteFrontendContentPageDealer"/>
  <testcase name="deleteFrontendDlrContent_3" time="0.144" classname="com.r1v2.frontend.Modules.Dealer.DeleteFrontendContentPageDealer"/>
</testsuite> <!-- com.r1v2.frontend.Modules.Dealer.DeleteFrontendContentPageDealer -->
