<?xml version="1.0" encoding="UTF-8"?>
<!-- Generated by org.testng.reporters.JUnitReportReporter -->
<testsuite skipped="0" hostname="IZDT-211" name="com.r1v2.frontend.Modules.Oem.UpdatedFrontendContentPageOem" tests="4" failures="0" timestamp="06 Feb 2019 09:34:50 GMT" time="19.286" errors="0">
  <testcase name="updateFrontendOemContent1" time="15.059" classname="com.r1v2.frontend.Modules.Oem.UpdatedFrontendContentPageOem"/>
  <testcase name="updateFrontendOemContent_3" time="0.642" classname="com.r1v2.frontend.Modules.Oem.UpdatedFrontendContentPageOem"/>
  <testcase name="updateFrontendOemContent_2" time="3.414" classname="com.r1v2.frontend.Modules.Oem.UpdatedFrontendContentPageOem"/>
  <testcase name="updateFrontendOemContent_4" time="0.171" classname="com.r1v2.frontend.Modules.Oem.UpdatedFrontendContentPageOem"/>
</testsuite> <!-- com.r1v2.frontend.Modules.Oem.UpdatedFrontendContentPageOem -->
