<?xml version="1.0" encoding="UTF-8"?>
<!-- Generated by org.testng.reporters.JUnitReportReporter -->
<testsuite skipped="0" hostname="IZDT-211" name="com.r1v2.frontend.Modules.Dealer.DealerContentPage" tests="3" failures="0" timestamp="21 Jan 2019 10:25:14 GMT" time="5.549" errors="0">
  <testcase name="testCOPG_1" time="2.578" classname="com.r1v2.frontend.Modules.Dealer.DealerContentPage"/>
  <testcase name="testCOPG_2" time="0.563" classname="com.r1v2.frontend.Modules.Dealer.DealerContentPage"/>
  <testcase name="testCOPG_3" time="2.408" classname="com.r1v2.frontend.Modules.Dealer.DealerContentPage"/>
</testsuite> <!-- com.r1v2.frontend.Modules.Dealer.DealerContentPage -->
