<?xml version="1.0" encoding="UTF-8"?>
<!-- Generated by org.testng.reporters.JUnitReportReporter -->
<testsuite skipped="0" hostname="IZDT-211" name="com.r1v2.backend.modules.Dealer.DeleteContentPageDealer" tests="3" failures="0" timestamp="28 Jan 2019 08:18:40 GMT" time="4.901" errors="0">
  <testcase name="dlrDeleteContentPage_2" time="0.149" classname="com.r1v2.backend.modules.Dealer.DeleteContentPageDealer"/>
  <testcase name="dlrDeleteContentPage_3" time="3.636" classname="com.r1v2.backend.modules.Dealer.DeleteContentPageDealer"/>
  <testcase name="dlrContentpagePG_11" time="1.116" classname="com.r1v2.backend.modules.Dealer.DeleteContentPageDealer"/>
</testsuite> <!-- com.r1v2.backend.modules.Dealer.DeleteContentPageDealer -->
