<?xml version="1.0" encoding="UTF-8"?>
<!-- Generated by org.testng.reporters.JUnitReportReporter -->
<testsuite skipped="0" hostname="IZDT-211" name="com.r1v2.backend.pricerule.module.ScenarioGreenDiscount" tests="8" failures="0" timestamp="01 May 2019 06:49:03 GMT" time="24.570" errors="0">
  <testcase name="testOM_1" time="7.392" classname="com.r1v2.backend.pricerule.module.ScenarioGreenDiscount"/>
  <testcase name="testOM_2" time="0.258" classname="com.r1v2.backend.pricerule.module.ScenarioGreenDiscount"/>
  <testcase name="testOM_3" time="3.430" classname="com.r1v2.backend.pricerule.module.ScenarioGreenDiscount"/>
  <testcase name="testOM_4" time="1.969" classname="com.r1v2.backend.pricerule.module.ScenarioGreenDiscount"/>
  <testcase name="testOM_5" time="0.190" classname="com.r1v2.backend.pricerule.module.ScenarioGreenDiscount"/>
  <testcase name="testOM_6" time="0.222" classname="com.r1v2.backend.pricerule.module.ScenarioGreenDiscount"/>
  <testcase name="testOM_7" time="0.189" classname="com.r1v2.backend.pricerule.module.ScenarioGreenDiscount"/>
  <testcase name="testOM_8" time="10.920" classname="com.r1v2.backend.pricerule.module.ScenarioGreenDiscount"/>
</testsuite> <!-- com.r1v2.backend.pricerule.module.ScenarioGreenDiscount -->
