<?xml version="1.0" encoding="UTF-8"?>
<!-- Generated by org.testng.reporters.JUnitReportReporter -->
<testsuite skipped="0" hostname="IZDT-211" name="com.r1v2.frontend.Modules.Group.DeletedFrontendCampPageGroup" tests="4" failures="0" timestamp="06 Feb 2019 09:34:50 GMT" time="6.615" errors="0">
  <testcase name="deleteFrontendgroupCampaign" time="0.051" classname="com.r1v2.frontend.Modules.Group.DeletedFrontendCampPageGroup"/>
  <testcase name="deleteFrontendgroupCampaign_1" time="3.733" classname="com.r1v2.frontend.Modules.Group.DeletedFrontendCampPageGroup"/>
  <testcase name="deleteFrontendgroupCampaign_2" time="0.493" classname="com.r1v2.frontend.Modules.Group.DeletedFrontendCampPageGroup"/>
  <testcase name="deleteFrontendgroupCampaign_3" time="2.338" classname="com.r1v2.frontend.Modules.Group.DeletedFrontendCampPageGroup"/>
</testsuite> <!-- com.r1v2.frontend.Modules.Group.DeletedFrontendCampPageGroup -->
