<?xml version="1.0" encoding="UTF-8"?>
<!-- Generated by org.testng.reporters.JUnitReportReporter -->
<testsuite skipped="0" hostname="IZDT-211" name="com.r1v2.backend.modules.Oem.DeleteOemContentPage" tests="3" failures="0" timestamp="07 Feb 2019 04:27:10 GMT" time="6.396" errors="0">
  <testcase name="oemDeleteContentPage_2" time="0.144" classname="com.r1v2.backend.modules.Oem.DeleteOemContentPage"/>
  <testcase name="oemDeleteContentPage_3" time="5.981" classname="com.r1v2.backend.modules.Oem.DeleteOemContentPage"/>
  <testcase name="dlrContentpagePG_4" time="0.271" classname="com.r1v2.backend.modules.Oem.DeleteOemContentPage"/>
</testsuite> <!-- com.r1v2.backend.modules.Oem.DeleteOemContentPage -->
