<?xml version="1.0" encoding="UTF-8"?>
<!-- Generated by org.testng.reporters.JUnitReportReporter -->
<testsuite skipped="0" hostname="IZDT-211" name="com.r1v2.backend.pricerule.module.ScenarioTradeinDiscount" tests="8" failures="0" timestamp="01 May 2019 06:43:38 GMT" time="22.586" errors="0">
  <testcase name="testTD_1" time="7.177" classname="com.r1v2.backend.pricerule.module.ScenarioTradeinDiscount"/>
  <testcase name="testTD_2" time="0.205" classname="com.r1v2.backend.pricerule.module.ScenarioTradeinDiscount"/>
  <testcase name="testTD_3" time="1.786" classname="com.r1v2.backend.pricerule.module.ScenarioTradeinDiscount"/>
  <testcase name="testTD_4" time="1.823" classname="com.r1v2.backend.pricerule.module.ScenarioTradeinDiscount"/>
  <testcase name="testTD_5" time="0.178" classname="com.r1v2.backend.pricerule.module.ScenarioTradeinDiscount"/>
  <testcase name="testTD_6" time="0.224" classname="com.r1v2.backend.pricerule.module.ScenarioTradeinDiscount"/>
  <testcase name="testTD_7" time="0.185" classname="com.r1v2.backend.pricerule.module.ScenarioTradeinDiscount"/>
  <testcase name="testTD_8" time="11.008" classname="com.r1v2.backend.pricerule.module.ScenarioTradeinDiscount"/>
</testsuite> <!-- com.r1v2.backend.pricerule.module.ScenarioTradeinDiscount -->
