<?xml version="1.0" encoding="UTF-8"?>
<!-- Generated by org.testng.reporters.JUnitReportReporter -->
<testsuite skipped="0" hostname="IZDT-211" name="com.r1v2.backend.modules.Oem.DeleteOemCampaignPage" tests="3" failures="0" timestamp="07 Feb 2019 07:53:41 GMT" time="5.448" errors="0">
  <testcase name="oemDeleteCampPage_2" time="0.149" classname="com.r1v2.backend.modules.Oem.DeleteOemCampaignPage"/>
  <testcase name="oemDeleteCampPage_3" time="5.003" classname="com.r1v2.backend.modules.Oem.DeleteOemCampaignPage"/>
  <testcase name="dlrContentpagePG_4" time="0.296" classname="com.r1v2.backend.modules.Oem.DeleteOemCampaignPage"/>
</testsuite> <!-- com.r1v2.backend.modules.Oem.DeleteOemCampaignPage -->
