<?xml version="1.0" encoding="UTF-8"?>
<!-- Generated by org.testng.reporters.JUnitReportReporter -->
<testsuite skipped="0" hostname="IZDT-211" name="com.r1v2.backend.modules.Oem.OemScenarioContentPage" tests="8" failures="0" timestamp="09 Jan 2019 12:27:32 GMT" time="24.337" errors="0">
  <testcase name="testPG_2" time="8.328" classname="com.r1v2.backend.modules.Oem.OemScenarioContentPage"/>
  <testcase name="testPG_3" time="0.163" classname="com.r1v2.backend.modules.Oem.OemScenarioContentPage"/>
  <testcase name="testPG_4" time="0.508" classname="com.r1v2.backend.modules.Oem.OemScenarioContentPage"/>
  <testcase name="testPG_5" time="1.746" classname="com.r1v2.backend.modules.Oem.OemScenarioContentPage"/>
  <testcase name="testPG_6" time="0.439" classname="com.r1v2.backend.modules.Oem.OemScenarioContentPage"/>
  <testcase name="testPG_7" time="0.618" classname="com.r1v2.backend.modules.Oem.OemScenarioContentPage"/>
  <testcase name="testPG_8" time="12.177" classname="com.r1v2.backend.modules.Oem.OemScenarioContentPage"/>
  <testcase name="testPG_9" time="0.358" classname="com.r1v2.backend.modules.Oem.OemScenarioContentPage"/>
</testsuite> <!-- com.r1v2.backend.modules.Oem.OemScenarioContentPage -->
