<?xml version="1.0" encoding="UTF-8"?>
<!-- Generated by org.testng.reporters.JUnitReportReporter -->
<testsuite skipped="0" hostname="IZDT-211" name="com.r1v2.backend.modules.Group.AddGroupContentPage" tests="10" failures="0" timestamp="07 Feb 2019 11:04:20 GMT" time="36.199" errors="0">
  <testcase name="addgroupContentPG_2" time="0.136" classname="com.r1v2.backend.modules.Group.AddGroupContentPage"/>
  <testcase name="addgroupContentPG_3" time="14.938" classname="com.r1v2.backend.modules.Group.AddGroupContentPage"/>
  <testcase name="addgroupContentPG_4" time="0.311" classname="com.r1v2.backend.modules.Group.AddGroupContentPage"/>
  <testcase name="addgroupContentPG_5" time="0.816" classname="com.r1v2.backend.modules.Group.AddGroupContentPage"/>
  <testcase name="addgroupContentPG_6" time="0.320" classname="com.r1v2.backend.modules.Group.AddGroupContentPage"/>
  <testcase name="addgroupContentPG_7" time="0.259" classname="com.r1v2.backend.modules.Group.AddGroupContentPage"/>
  <testcase name="addgroupContentPG_8" time="1.333" classname="com.r1v2.backend.modules.Group.AddGroupContentPage"/>
  <testcase name="addgroupContentPG_9" time="0.317" classname="com.r1v2.backend.modules.Group.AddGroupContentPage"/>
  <testcase name="addgroupContentPG_10" time="17.467" classname="com.r1v2.backend.modules.Group.AddGroupContentPage"/>
  <testcase name="addgroupContentPG_11" time="0.302" classname="com.r1v2.backend.modules.Group.AddGroupContentPage"/>
</testsuite> <!-- com.r1v2.backend.modules.Group.AddGroupContentPage -->
