<?xml version="1.0" encoding="UTF-8"?>
<!-- Generated by org.testng.reporters.JUnitReportReporter -->
<testsuite skipped="0" hostname="IZDT-211" name="com.r1v2.backend.modules.Group.EditGroupContentPage" tests="10" failures="0" timestamp="06 Feb 2019 09:34:50 GMT" time="25.211" errors="0">
  <testcase name="groupEditContentPage_2" time="0.179" classname="com.r1v2.backend.modules.Group.EditGroupContentPage"/>
  <testcase name="groupEditContentPage_3" time="8.862" classname="com.r1v2.backend.modules.Group.EditGroupContentPage"/>
  <testcase name="groupEditContentPage_4" time="0.238" classname="com.r1v2.backend.modules.Group.EditGroupContentPage"/>
  <testcase name="groupEditContentPage_5" time="0.101" classname="com.r1v2.backend.modules.Group.EditGroupContentPage"/>
  <testcase name="groupEditContentPage_6" time="0.405" classname="com.r1v2.backend.modules.Group.EditGroupContentPage"/>
  <testcase name="groupEditContentPage_7" time="1.444" classname="com.r1v2.backend.modules.Group.EditGroupContentPage"/>
  <testcase name="groupEditContentPage_8" time="0.204" classname="com.r1v2.backend.modules.Group.EditGroupContentPage"/>
  <testcase name="groupEditContentPage_9" time="0.412" classname="com.r1v2.backend.modules.Group.EditGroupContentPage"/>
  <testcase name="groupEditContentPage_10" time="13.030" classname="com.r1v2.backend.modules.Group.EditGroupContentPage"/>
  <testcase name="groupEditContentPage_11" time="0.336" classname="com.r1v2.backend.modules.Group.EditGroupContentPage"/>
</testsuite> <!-- com.r1v2.backend.modules.Group.EditGroupContentPage -->
