<?xml version="1.0" encoding="UTF-8"?>
<!-- Generated by org.testng.reporters.JUnitReportReporter -->
<testsuite skipped="0" hostname="IZDT-211" name="com.r1v2.frontend.Modules.Dealer.AddFrontendContentPageDelaer" tests="4" failures="0" timestamp="07 Feb 2019 10:47:51 GMT" time="3.147" errors="0">
  <testcase name="addFrontendDlrContent" time="0.531" classname="com.r1v2.frontend.Modules.Dealer.AddFrontendContentPageDelaer"/>
  <testcase name="addFrontendDlrContent_1" time="1.900" classname="com.r1v2.frontend.Modules.Dealer.AddFrontendContentPageDelaer"/>
  <testcase name="addFrontendDlrContent_2" time="0.532" classname="com.r1v2.frontend.Modules.Dealer.AddFrontendContentPageDelaer"/>
  <testcase name="addFrontendDlrContent_3" time="0.184" classname="com.r1v2.frontend.Modules.Dealer.AddFrontendContentPageDelaer"/>
</testsuite> <!-- com.r1v2.frontend.Modules.Dealer.AddFrontendContentPageDelaer -->
