<?xml version="1.0" encoding="UTF-8"?>
<!-- Generated by org.testng.reporters.JUnitReportReporter -->
<testsuite skipped="0" hostname="IZDT-211" name="com.r1v2.frontend.Modules.Dealer.UpdatedFrontendContentPageDealer" tests="4" failures="0" timestamp="06 Feb 2019 09:34:50 GMT" time="19.609" errors="0">
  <testcase name="updateFrontendDlrContent_1" time="15.086" classname="com.r1v2.frontend.Modules.Dealer.UpdatedFrontendContentPageDealer"/>
  <testcase name="updateFrontendDlrContent_3" time="0.543" classname="com.r1v2.frontend.Modules.Dealer.UpdatedFrontendContentPageDealer"/>
  <testcase name="updateFrontendDlrContent_2" time="3.891" classname="com.r1v2.frontend.Modules.Dealer.UpdatedFrontendContentPageDealer"/>
  <testcase name="updateFrontendDlrContent_4" time="0.089" classname="com.r1v2.frontend.Modules.Dealer.UpdatedFrontendContentPageDealer"/>
</testsuite> <!-- com.r1v2.frontend.Modules.Dealer.UpdatedFrontendContentPageDealer -->
