<?xml version="1.0" encoding="UTF-8"?>
<!-- Generated by org.testng.reporters.JUnitReportReporter -->
<testsuite skipped="0" hostname="IZDT-211" name="com.r1v2.backend.modules.Dealer.AddDealerCampaignPage" tests="11" failures="0" timestamp="14 Feb 2019 10:02:20 GMT" time="75.961" errors="0">
  <testcase name="addDlrCampaignPage_2" time="0.148" classname="com.r1v2.backend.modules.Dealer.AddDealerCampaignPage"/>
  <testcase name="addDlrCampaignPage_3" time="36.032" classname="com.r1v2.backend.modules.Dealer.AddDealerCampaignPage"/>
  <testcase name="addDlrCampaignPage_4" time="0.234" classname="com.r1v2.backend.modules.Dealer.AddDealerCampaignPage"/>
  <testcase name="addDlrCampaignPage_5" time="1.292" classname="com.r1v2.backend.modules.Dealer.AddDealerCampaignPage"/>
  <testcase name="addDlrCampaignPage_6" time="0.303" classname="com.r1v2.backend.modules.Dealer.AddDealerCampaignPage"/>
  <testcase name="addDlrCampaignPage_7" time="0.220" classname="com.r1v2.backend.modules.Dealer.AddDealerCampaignPage"/>
  <testcase name="addDlrCampaignPage_8" time="2.983" classname="com.r1v2.backend.modules.Dealer.AddDealerCampaignPage"/>
  <testcase name="addDlrCampaignPage_9" time="3.172" classname="com.r1v2.backend.modules.Dealer.AddDealerCampaignPage"/>
  <testcase name="addDlrCampaignPage_12" time="1.729" classname="com.r1v2.backend.modules.Dealer.AddDealerCampaignPage"/>
  <testcase name="addDlrCampaignPage_13" time="29.028" classname="com.r1v2.backend.modules.Dealer.AddDealerCampaignPage"/>
  <testcase name="addDlrCampaignPage_14" time="0.820" classname="com.r1v2.backend.modules.Dealer.AddDealerCampaignPage"/>
</testsuite> <!-- com.r1v2.backend.modules.Dealer.AddDealerCampaignPage -->
