<?xml version="1.0" encoding="UTF-8"?>
<!-- Generated by org.testng.reporters.JUnitReportReporter -->
<testsuite skipped="0" hostname="IZDT-211" name="com.r1v2.frontend.Modules.Group.UpdatedFrontendContentPageGroup" tests="4" failures="0" timestamp="06 Feb 2019 09:34:50 GMT" time="19.695" errors="0">
  <testcase name="updateFrontendGrpContent_1" time="15.054" classname="com.r1v2.frontend.Modules.Group.UpdatedFrontendContentPageGroup"/>
  <testcase name="updateFrontendGrpContent_2" time="3.810" classname="com.r1v2.frontend.Modules.Group.UpdatedFrontendContentPageGroup"/>
  <testcase name="updateFrontendGrpContent_3" time="0.638" classname="com.r1v2.frontend.Modules.Group.UpdatedFrontendContentPageGroup"/>
  <testcase name="updateFrontendGrpContent_4" time="0.193" classname="com.r1v2.frontend.Modules.Group.UpdatedFrontendContentPageGroup"/>
</testsuite> <!-- com.r1v2.frontend.Modules.Group.UpdatedFrontendContentPageGroup -->
