<?xml version="1.0" encoding="UTF-8"?>
<!-- Generated by org.testng.reporters.JUnitReportReporter -->
<testsuite skipped="0" hostname="IZDT-211" name="com.r1v2.frontend.Modules.Dealer.DeleteFrontendCampPageDealer" tests="4" failures="0" timestamp="06 Feb 2019 09:34:50 GMT" time="4.658" errors="0">
  <testcase name="deleteFrontendDlrCampaign" time="0.070" classname="com.r1v2.frontend.Modules.Dealer.DeleteFrontendCampPageDealer"/>
  <testcase name="deleteFrontendDlrCampaign_1" time="3.572" classname="com.r1v2.frontend.Modules.Dealer.DeleteFrontendCampPageDealer"/>
  <testcase name="deleteFrontendDlrCampaign_2" time="0.790" classname="com.r1v2.frontend.Modules.Dealer.DeleteFrontendCampPageDealer"/>
  <testcase name="deleteFrontendDlrCampaign_3" time="0.226" classname="com.r1v2.frontend.Modules.Dealer.DeleteFrontendCampPageDealer"/>
</testsuite> <!-- com.r1v2.frontend.Modules.Dealer.DeleteFrontendCampPageDealer -->
