<?xml version="1.0" encoding="UTF-8"?>
<!-- Generated by org.testng.reporters.JUnitReportReporter -->
<testsuite skipped="0" hostname="IZDT-211" name="com.r1v2.frontend.Modules.Oem.OemContentPage" tests="3" failures="0" timestamp="21 Jan 2019 09:31:23 GMT" time="4.403" errors="0">
  <testcase name="testCOPG_1" time="1.286" classname="com.r1v2.frontend.Modules.Oem.OemContentPage"/>
  <testcase name="testCOPG_2" time="0.504" classname="com.r1v2.frontend.Modules.Oem.OemContentPage"/>
  <testcase name="testCOPG_3" time="2.613" classname="com.r1v2.frontend.Modules.Oem.OemContentPage"/>
</testsuite> <!-- com.r1v2.frontend.Modules.Oem.OemContentPage -->
