<?xml version="1.0" encoding="UTF-8"?>
<!-- Generated by org.testng.reporters.JUnitReportReporter -->
<testsuite skipped="0" hostname="IZDT-211" name="com.r1v2.backend.modules.Dealer.DeleteDealerCampaignPage" tests="3" failures="0" timestamp="07 Feb 2019 07:52:55 GMT" time="6.136" errors="0">
  <testcase name="dlrDeleteCampPage_2" time="0.335" classname="com.r1v2.backend.modules.Dealer.DeleteDealerCampaignPage"/>
  <testcase name="dlrDeleteCampPage_3" time="5.545" classname="com.r1v2.backend.modules.Dealer.DeleteDealerCampaignPage"/>
  <testcase name="dlrContentpagePG_4" time="0.256" classname="com.r1v2.backend.modules.Dealer.DeleteDealerCampaignPage"/>
</testsuite> <!-- com.r1v2.backend.modules.Dealer.DeleteDealerCampaignPage -->
