<?xml version="1.0" encoding="UTF-8"?>
<!-- Generated by org.testng.reporters.JUnitReportReporter -->
<testsuite skipped="0" hostname="IZDT-211" name="com.r1v2.backend.modules.Dealer.NewDealerCampaignPage" tests="12" failures="0" timestamp="29 Jan 2019 05:30:30 GMT" time="10.521" errors="0">
  <testcase name="dlrCampaignPage_2" time="0.157" classname="com.r1v2.backend.modules.Dealer.NewDealerCampaignPage"/>
  <testcase name="dlrCampaignPage_3" time="3.232" classname="com.r1v2.backend.modules.Dealer.NewDealerCampaignPage"/>
  <testcase name="dlrCampaignPage_4" time="0.251" classname="com.r1v2.backend.modules.Dealer.NewDealerCampaignPage"/>
  <testcase name="dlrCampaignPage_5" time="1.137" classname="com.r1v2.backend.modules.Dealer.NewDealerCampaignPage"/>
  <testcase name="dlrCampaignPage_6" time="0.472" classname="com.r1v2.backend.modules.Dealer.NewDealerCampaignPage"/>
  <testcase name="dlrCampaignPage_7" time="0.346" classname="com.r1v2.backend.modules.Dealer.NewDealerCampaignPage"/>
  <testcase name="dlrCampaignPage_8" time="1.709" classname="com.r1v2.backend.modules.Dealer.NewDealerCampaignPage"/>
  <testcase name="dlrCampaignPage_9" time="1.050" classname="com.r1v2.backend.modules.Dealer.NewDealerCampaignPage"/>
  <testcase name="dlrCampaignPage_10" time="0.955" classname="com.r1v2.backend.modules.Dealer.NewDealerCampaignPage"/>
  <testcase name="dlrCampaignPage_12" time="0.676" classname="com.r1v2.backend.modules.Dealer.NewDealerCampaignPage"/>
  <testcase name="dlrCampaignPage_13" time="0.192" classname="com.r1v2.backend.modules.Dealer.NewDealerCampaignPage"/>
  <testcase name="dlrCampaignPage_14" time="0.344" classname="com.r1v2.backend.modules.Dealer.NewDealerCampaignPage"/>
</testsuite> <!-- com.r1v2.backend.modules.Dealer.NewDealerCampaignPage -->
