<?xml version="1.0" encoding="UTF-8"?>
<!-- Generated by org.testng.reporters.JUnitReportReporter -->
<testsuite skipped="0" hostname="IZDT-211" name="com.r1v2.backend.pricerule.module.ScenarioDealerDiscount" tests="11" failures="0" timestamp="01 May 2019 06:39:39 GMT" time="25.831" errors="0">
  <testcase name="testTD_1" time="7.212" classname="com.r1v2.backend.pricerule.module.ScenarioDealerDiscount"/>
  <testcase name="testTD_2" time="0.222" classname="com.r1v2.backend.pricerule.module.ScenarioDealerDiscount"/>
  <testcase name="testTD_3" time="1.554" classname="com.r1v2.backend.pricerule.module.ScenarioDealerDiscount"/>
  <testcase name="testTD_4" time="2.089" classname="com.r1v2.backend.pricerule.module.ScenarioDealerDiscount"/>
  <testcase name="testTD_5" time="1.375" classname="com.r1v2.backend.pricerule.module.ScenarioDealerDiscount"/>
  <testcase name="testTD_6" time="1.176" classname="com.r1v2.backend.pricerule.module.ScenarioDealerDiscount"/>
  <testcase name="testTD_7" time="0.826" classname="com.r1v2.backend.pricerule.module.ScenarioDealerDiscount"/>
  <testcase name="testTD_8" time="0.180" classname="com.r1v2.backend.pricerule.module.ScenarioDealerDiscount"/>
  <testcase name="testTD_9" time="0.182" classname="com.r1v2.backend.pricerule.module.ScenarioDealerDiscount"/>
  <testcase name="testTD_10" time="0.146" classname="com.r1v2.backend.pricerule.module.ScenarioDealerDiscount"/>
  <testcase name="testTD_11" time="10.869" classname="com.r1v2.backend.pricerule.module.ScenarioDealerDiscount"/>
</testsuite> <!-- com.r1v2.backend.pricerule.module.ScenarioDealerDiscount -->
