<?xml version="1.0" encoding="UTF-8"?>
<!-- Generated by org.testng.reporters.JUnitReportReporter -->
<testsuite skipped="0" hostname="IZDT-211" name="com.r1v2.backend.modules.Group.AddGroupCampaignPage" tests="11" failures="0" timestamp="07 Feb 2019 10:35:46 GMT" time="29.412" errors="0">
  <testcase name="addgroupCampaignPG_2" time="0.150" classname="com.r1v2.backend.modules.Group.AddGroupCampaignPage"/>
  <testcase name="addgroupCampaignPG_3" time="9.519" classname="com.r1v2.backend.modules.Group.AddGroupCampaignPage"/>
  <testcase name="addgroupCampaignPG_4" time="0.528" classname="com.r1v2.backend.modules.Group.AddGroupCampaignPage"/>
  <testcase name="addgroupCampaignPG_5" time="1.549" classname="com.r1v2.backend.modules.Group.AddGroupCampaignPage"/>
  <testcase name="addgroupCampaignPG_6" time="0.458" classname="com.r1v2.backend.modules.Group.AddGroupCampaignPage"/>
  <testcase name="addgroupCampaignPG_7" time="1.548" classname="com.r1v2.backend.modules.Group.AddGroupCampaignPage"/>
  <testcase name="addgroupCampaignPG_8" time="2.408" classname="com.r1v2.backend.modules.Group.AddGroupCampaignPage"/>
  <testcase name="addgroupCampaignPG_9" time="3.303" classname="com.r1v2.backend.modules.Group.AddGroupCampaignPage"/>
  <testcase name="dlrCampaignPage_10" time="0.709" classname="com.r1v2.backend.modules.Group.AddGroupCampaignPage"/>
  <testcase name="dlrCampaignPage_11" time="8.876" classname="com.r1v2.backend.modules.Group.AddGroupCampaignPage"/>
  <testcase name="addgroupCampaignPG_11" time="0.364" classname="com.r1v2.backend.modules.Group.AddGroupCampaignPage"/>
</testsuite> <!-- com.r1v2.backend.modules.Group.AddGroupCampaignPage -->
