<?xml version="1.0" encoding="UTF-8"?>
<!-- Generated by org.testng.reporters.JUnitReportReporter -->
<testsuite skipped="0" hostname="IZDT-211" name="com.r1v2.backend.modules.Oem.EditOemCampaignPage" tests="12" failures="0" timestamp="07 Feb 2019 07:53:24 GMT" time="17.386" errors="0">
  <testcase name="editOemCamppagePG_2" time="0.150" classname="com.r1v2.backend.modules.Oem.EditOemCampaignPage"/>
  <testcase name="editOemCamppagePG_3" time="3.619" classname="com.r1v2.backend.modules.Oem.EditOemCampaignPage"/>
  <testcase name="editOemCamppagePG_4" time="0.437" classname="com.r1v2.backend.modules.Oem.EditOemCampaignPage"/>
  <testcase name="editOemCamppagePG_5" time="0.026" classname="com.r1v2.backend.modules.Oem.EditOemCampaignPage"/>
  <testcase name="editOemCamppagePG_6" time="0.101" classname="com.r1v2.backend.modules.Oem.EditOemCampaignPage"/>
  <testcase name="editOemCamppagePG_7" time="0.383" classname="com.r1v2.backend.modules.Oem.EditOemCampaignPage"/>
  <testcase name="editOemCamppagePG_8" time="1.316" classname="com.r1v2.backend.modules.Oem.EditOemCampaignPage"/>
  <testcase name="editOemCamppagePG_9" time="3.631" classname="com.r1v2.backend.modules.Oem.EditOemCampaignPage"/>
  <testcase name="editOemCamppagePG_10" time="2.634" classname="com.r1v2.backend.modules.Oem.EditOemCampaignPage"/>
  <testcase name="editOemCamppagePG_11" time="1.640" classname="com.r1v2.backend.modules.Oem.EditOemCampaignPage"/>
  <testcase name="editOemCamppagePG_12" time="3.171" classname="com.r1v2.backend.modules.Oem.EditOemCampaignPage"/>
  <testcase name="editOemCamppagePG_13" time="0.278" classname="com.r1v2.backend.modules.Oem.EditOemCampaignPage"/>
</testsuite> <!-- com.r1v2.backend.modules.Oem.EditOemCampaignPage -->
