<?xml version="1.0" encoding="UTF-8"?>
<!-- Generated by org.testng.reporters.JUnitReportReporter -->
<testsuite skipped="0" hostname="IZDT-211" name="com.r1v2.backend.pricerule.module.ScenarioOemDiscount" tests="8" failures="0" timestamp="01 May 2019 06:46:58 GMT" time="24.768" errors="0">
  <testcase name="testOM_1" time="7.074" classname="com.r1v2.backend.pricerule.module.ScenarioOemDiscount"/>
  <testcase name="testOM_2" time="0.263" classname="com.r1v2.backend.pricerule.module.ScenarioOemDiscount"/>
  <testcase name="testOM_3" time="3.412" classname="com.r1v2.backend.pricerule.module.ScenarioOemDiscount"/>
  <testcase name="testOM_4" time="2.379" classname="com.r1v2.backend.pricerule.module.ScenarioOemDiscount"/>
  <testcase name="testOM_5" time="0.200" classname="com.r1v2.backend.pricerule.module.ScenarioOemDiscount"/>
  <testcase name="testOM_6" time="0.205" classname="com.r1v2.backend.pricerule.module.ScenarioOemDiscount"/>
  <testcase name="testOM_7" time="0.150" classname="com.r1v2.backend.pricerule.module.ScenarioOemDiscount"/>
  <testcase name="testOM_8" time="11.085" classname="com.r1v2.backend.pricerule.module.ScenarioOemDiscount"/>
</testsuite> <!-- com.r1v2.backend.pricerule.module.ScenarioOemDiscount -->
