<?xml version="1.0" encoding="UTF-8"?>
<!-- Generated by org.testng.reporters.JUnitReportReporter -->
<testsuite skipped="0" hostname="IZDT-211" name="com.r1v2.frontend.Modules.Group.AddFrontendCampPageGroup" tests="4" failures="0" timestamp="06 Feb 2019 09:34:50 GMT" time="47.556" errors="0">
  <testcase name="addFrontendGroupCampaign" time="45.099" classname="com.r1v2.frontend.Modules.Group.AddFrontendCampPageGroup"/>
  <testcase name="addFrontendGroupCampaign_2" time="0.699" classname="com.r1v2.frontend.Modules.Group.AddFrontendCampPageGroup"/>
  <testcase name="addFrontendGroupCampaign_1" time="1.640" classname="com.r1v2.frontend.Modules.Group.AddFrontendCampPageGroup"/>
  <testcase name="addFrontendGroupCampaign_3" time="0.118" classname="com.r1v2.frontend.Modules.Group.AddFrontendCampPageGroup"/>
</testsuite> <!-- com.r1v2.frontend.Modules.Group.AddFrontendCampPageGroup -->
