<?xml version="1.0" encoding="UTF-8"?>
<!-- Generated by org.testng.reporters.JUnitReportReporter -->
<testsuite skipped="0" hostname="IZDT-211" name="com.r1v2.frontend.Modules.Group.UpdatedFrontendCampPageGroup" tests="4" failures="0" timestamp="06 Feb 2019 09:34:50 GMT" time="17.385" errors="0">
  <testcase name="updateFrontendGrpCampign_1" time="15.079" classname="com.r1v2.frontend.Modules.Group.UpdatedFrontendCampPageGroup"/>
  <testcase name="updateFrontendGrpCampign_3" time="0.692" classname="com.r1v2.frontend.Modules.Group.UpdatedFrontendCampPageGroup"/>
  <testcase name="updateFrontendGrpCampign_2" time="1.484" classname="com.r1v2.frontend.Modules.Group.UpdatedFrontendCampPageGroup"/>
  <testcase name="updateFrontendGrpCampign_4" time="0.130" classname="com.r1v2.frontend.Modules.Group.UpdatedFrontendCampPageGroup"/>
</testsuite> <!-- com.r1v2.frontend.Modules.Group.UpdatedFrontendCampPageGroup -->
