<?xml version="1.0" encoding="UTF-8"?>
<!-- Generated by org.testng.reporters.JUnitReportReporter -->
<testsuite skipped="0" hostname="IZDT-211" name="com.r1v2.frontend.Modules.Dealer.DealerContentPageFrontEnd" tests="3" failures="0" timestamp="28 Jan 2019 08:15:49 GMT" time="14.813" errors="0">
  <testcase name="testCOPG_1" time="11.788" classname="com.r1v2.frontend.Modules.Dealer.DealerContentPageFrontEnd"/>
  <testcase name="testCOPG_2" time="0.661" classname="com.r1v2.frontend.Modules.Dealer.DealerContentPageFrontEnd"/>
  <testcase name="testCOPG_3" time="2.364" classname="com.r1v2.frontend.Modules.Dealer.DealerContentPageFrontEnd"/>
</testsuite> <!-- com.r1v2.frontend.Modules.Dealer.DealerContentPageFrontEnd -->
