<?xml version="1.0" encoding="UTF-8"?>
<!-- Generated by org.testng.reporters.JUnitReportReporter -->
<testsuite skipped="0" hostname="IZDT-211" name="com.r1v2.backend.modules.Oem.AddOemCampaignPage" tests="11" failures="0" timestamp="07 Feb 2019 10:35:46 GMT" time="30.704" errors="0">
  <testcase name="addoemCampaignPG_2" time="0.204" classname="com.r1v2.backend.modules.Oem.AddOemCampaignPage"/>
  <testcase name="addoemCampaignPG_3" time="9.885" classname="com.r1v2.backend.modules.Oem.AddOemCampaignPage"/>
  <testcase name="addoemCampaignPG_4" time="0.333" classname="com.r1v2.backend.modules.Oem.AddOemCampaignPage"/>
  <testcase name="addoemCampaignPG_5" time="1.444" classname="com.r1v2.backend.modules.Oem.AddOemCampaignPage"/>
  <testcase name="addoemCampaignPG_6" time="0.417" classname="com.r1v2.backend.modules.Oem.AddOemCampaignPage"/>
  <testcase name="addoemCampaignPG_7" time="0.591" classname="com.r1v2.backend.modules.Oem.AddOemCampaignPage"/>
  <testcase name="addoemCampaignPG_8" time="2.413" classname="com.r1v2.backend.modules.Oem.AddOemCampaignPage"/>
  <testcase name="addoemCampaignPG_9" time="3.303" classname="com.r1v2.backend.modules.Oem.AddOemCampaignPage"/>
  <testcase name="addoemCampaignPG_10" time="1.749" classname="com.r1v2.backend.modules.Oem.AddOemCampaignPage"/>
  <testcase name="addoemCampaignPG_11" time="9.977" classname="com.r1v2.backend.modules.Oem.AddOemCampaignPage"/>
  <testcase name="addoemCampaignPG_12" time="0.388" classname="com.r1v2.backend.modules.Oem.AddOemCampaignPage"/>
</testsuite> <!-- com.r1v2.backend.modules.Oem.AddOemCampaignPage -->
