<?xml version="1.0" encoding="UTF-8"?>
<!-- Generated by org.testng.reporters.JUnitReportReporter -->
<testsuite skipped="0" hostname="IZDT-211" name="com.r1v2.frontend.Modules.Oem.UpdatedFrontendCampPageOem" tests="4" failures="0" timestamp="06 Feb 2019 09:34:50 GMT" time="17.303" errors="0">
  <testcase name="updateFrontendOemCampaign" time="15.072" classname="com.r1v2.frontend.Modules.Oem.UpdatedFrontendCampPageOem"/>
  <testcase name="updateFrontendOemCampaign_1" time="1.281" classname="com.r1v2.frontend.Modules.Oem.UpdatedFrontendCampPageOem"/>
  <testcase name="updateFrontendOemCampaign_2" time="0.708" classname="com.r1v2.frontend.Modules.Oem.UpdatedFrontendCampPageOem"/>
  <testcase name="updateFrontendOemCampaign_3" time="0.242" classname="com.r1v2.frontend.Modules.Oem.UpdatedFrontendCampPageOem"/>
</testsuite> <!-- com.r1v2.frontend.Modules.Oem.UpdatedFrontendCampPageOem -->
