<?xml version="1.0" encoding="UTF-8"?>
<!-- Generated by org.testng.reporters.JUnitReportReporter -->
<testsuite skipped="0" hostname="IZDT-211" name="com.r1v2.frontend.Modules.Group.AddFrontendContentPageGroup" tests="4" failures="0" timestamp="07 Feb 2019 11:04:51 GMT" time="21.938" errors="0">
  <testcase name="addFrontendGrpContent" time="15.543" classname="com.r1v2.frontend.Modules.Group.AddFrontendContentPageGroup"/>
  <testcase name="addFrontendGrpContent_1" time="3.249" classname="com.r1v2.frontend.Modules.Group.AddFrontendContentPageGroup"/>
  <testcase name="addFrontendGrpContent_2" time="0.611" classname="com.r1v2.frontend.Modules.Group.AddFrontendContentPageGroup"/>
  <testcase name="addFrontendGrpContent_3" time="2.535" classname="com.r1v2.frontend.Modules.Group.AddFrontendContentPageGroup"/>
</testsuite> <!-- com.r1v2.frontend.Modules.Group.AddFrontendContentPageGroup -->
